2024-12-04 13:01:57.953 | INFO     | data_juicer.config.config:config_backup:646 - Back up the input config file [/home/daoyuan_mm/data_juicer/HumanVBenchRecipe/HumanCentricVideoAnnotationPipeline/process.yaml] into the work_dir [/home/daoyuan_mm/data_juicer/HumanVBenchRecipe/dj_process_flow]
2024-12-04 13:01:57.989 | INFO     | data_juicer.config.config:display_config:668 - Configuration table: 
╒════════════════════════════╤════════════════════════════════════════════════════════════════════════════════════════════════════════════╕
│ key                        │ values                                                                                                     │
╞════════════════════════════╪════════════════════════════════════════════════════════════════════════════════════════════════════════════╡
│ config                     │ [Path_fr(/home/daoyuan_mm/data_juicer/HumanVBenchRecipe/HumanCentricVideoAnnotationPipeline/process.yaml)] │
├────────────────────────────┼────────────────────────────────────────────────────────────────────────────────────────────────────────────┤
│ hpo_config                 │ None                                                                                                       │
├────────────────────────────┼────────────────────────────────────────────────────────────────────────────────────────────────────────────┤
│ path_k_sigma_recipe        │ None                                                                                                       │
├────────────────────────────┼────────────────────────────────────────────────────────────────────────────────────────────────────────────┤
│ path_model_feedback_recipe │ None                                                                                                       │
├────────────────────────────┼────────────────────────────────────────────────────────────────────────────────────────────────────────────┤
│ model_infer_config         │ None                                                                                                       │
├────────────────────────────┼────────────────────────────────────────────────────────────────────────────────────────────────────────────┤
│ model_train_config         │ None                                                                                                       │
├────────────────────────────┼────────────────────────────────────────────────────────────────────────────────────────────────────────────┤
│ data_eval_config           │ None                                                                                                       │
├────────────────────────────┼────────────────────────────────────────────────────────────────────────────────────────────────────────────┤
│ model_eval_config          │ None                                                                                                       │
├────────────────────────────┼────────────────────────────────────────────────────────────────────────────────────────────────────────────┤
│ data_probe_algo            │ 'uniform'                                                                                                  │
├────────────────────────────┼────────────────────────────────────────────────────────────────────────────────────────────────────────────┤
│ data_probe_ratio           │ 1.0                                                                                                        │
├────────────────────────────┼────────────────────────────────────────────────────────────────────────────────────────────────────────────┤
│ project_name               │ 'all'                                                                                                      │
├────────────────────────────┼────────────────────────────────────────────────────────────────────────────────────────────────────────────┤
│ executor_type              │ 'default'                                                                                                  │
├────────────────────────────┼────────────────────────────────────────────────────────────────────────────────────────────────────────────┤
│ dataset_path               │ '/home/daoyuan_mm/data_juicer/HumanVBenchRecipe/dj_process_flow/raw_videos_prcocess2.jsonl'                │
├────────────────────────────┼────────────────────────────────────────────────────────────────────────────────────────────────────────────┤
│ export_path                │ '/home/daoyuan_mm/data_juicer/HumanVBenchRecipe/dj_process_flow/raw_videos_prcocess3.jsonl'                │
├────────────────────────────┼────────────────────────────────────────────────────────────────────────────────────────────────────────────┤
│ export_shard_size          │ 0                                                                                                          │
├────────────────────────────┼────────────────────────────────────────────────────────────────────────────────────────────────────────────┤
│ export_in_parallel         │ False                                                                                                      │
├────────────────────────────┼────────────────────────────────────────────────────────────────────────────────────────────────────────────┤
│ keep_stats_in_res_ds       │ False                                                                                                      │
├────────────────────────────┼────────────────────────────────────────────────────────────────────────────────────────────────────────────┤
│ keep_hashes_in_res_ds      │ False                                                                                                      │
├────────────────────────────┼────────────────────────────────────────────────────────────────────────────────────────────────────────────┤
│ np                         │ 1                                                                                                          │
├────────────────────────────┼────────────────────────────────────────────────────────────────────────────────────────────────────────────┤
│ text_keys                  │ 'text'                                                                                                     │
├────────────────────────────┼────────────────────────────────────────────────────────────────────────────────────────────────────────────┤
│ image_key                  │ 'images'                                                                                                   │
├────────────────────────────┼────────────────────────────────────────────────────────────────────────────────────────────────────────────┤
│ image_special_token        │ '<__dj__image>'                                                                                            │
├────────────────────────────┼────────────────────────────────────────────────────────────────────────────────────────────────────────────┤
│ audio_key                  │ 'audios'                                                                                                   │
├────────────────────────────┼────────────────────────────────────────────────────────────────────────────────────────────────────────────┤
│ audio_special_token        │ '<__dj__audio>'                                                                                            │
├────────────────────────────┼────────────────────────────────────────────────────────────────────────────────────────────────────────────┤
│ video_key                  │ 'videos'                                                                                                   │
├────────────────────────────┼────────────────────────────────────────────────────────────────────────────────────────────────────────────┤
│ video_special_token        │ '<__dj__video>'                                                                                            │
├────────────────────────────┼────────────────────────────────────────────────────────────────────────────────────────────────────────────┤
│ eoc_special_token          │ '<|__dj__eoc|>'                                                                                            │
├────────────────────────────┼────────────────────────────────────────────────────────────────────────────────────────────────────────────┤
│ suffixes                   │ []                                                                                                         │
├────────────────────────────┼────────────────────────────────────────────────────────────────────────────────────────────────────────────┤
│ use_cache                  │ True                                                                                                       │
├────────────────────────────┼────────────────────────────────────────────────────────────────────────────────────────────────────────────┤
│ ds_cache_dir               │ '/home/daoyuan_mm/.cache/huggingface/datasets'                                                             │
├────────────────────────────┼────────────────────────────────────────────────────────────────────────────────────────────────────────────┤
│ cache_compress             │ None                                                                                                       │
├────────────────────────────┼────────────────────────────────────────────────────────────────────────────────────────────────────────────┤
│ use_checkpoint             │ False                                                                                                      │
├────────────────────────────┼────────────────────────────────────────────────────────────────────────────────────────────────────────────┤
│ temp_dir                   │ None                                                                                                       │
├────────────────────────────┼────────────────────────────────────────────────────────────────────────────────────────────────────────────┤
│ open_tracer                │ False                                                                                                      │
├────────────────────────────┼────────────────────────────────────────────────────────────────────────────────────────────────────────────┤
│ op_list_to_trace           │ []                                                                                                         │
├────────────────────────────┼────────────────────────────────────────────────────────────────────────────────────────────────────────────┤
│ trace_num                  │ 10                                                                                                         │
├────────────────────────────┼────────────────────────────────────────────────────────────────────────────────────────────────────────────┤
│ op_fusion                  │ False                                                                                                      │
├────────────────────────────┼────────────────────────────────────────────────────────────────────────────────────────────────────────────┤
│ process                    │ [{'video_tagging_from_audio_mapper': {'accelerator': 'cpu',                                                │
│                            │                                       'audio_key': 'audios',                                               │
│                            │                                       'batched_op': False,                                                 │
│                            │                                       'cpu_required': 1,                                                   │
│                            │                                       'hf_ast': '/mnt1/daoyuan_mm/ast-finetuned-audioset-10-10-0.4593',    │
│                            │                                       'image_key': 'images',                                               │
│                            │                                       'mem_required': '500MB',                                             │
│                            │                                       'num_proc': 0,                                                       │
│                            │                                       'text_key': 'text',                                                  │
│                            │                                       'use_actor': False,                                                  │
│                            │                                       'video_key': 'videos'}}]                                             │
├────────────────────────────┼────────────────────────────────────────────────────────────────────────────────────────────────────────────┤
│ percentiles                │ []                                                                                                         │
├────────────────────────────┼────────────────────────────────────────────────────────────────────────────────────────────────────────────┤
│ export_original_dataset    │ False                                                                                                      │
├────────────────────────────┼────────────────────────────────────────────────────────────────────────────────────────────────────────────┤
│ save_stats_in_one_file     │ False                                                                                                      │
├────────────────────────────┼────────────────────────────────────────────────────────────────────────────────────────────────────────────┤
│ ray_address                │ 'auto'                                                                                                     │
├────────────────────────────┼────────────────────────────────────────────────────────────────────────────────────────────────────────────┤
│ debug                      │ False                                                                                                      │
├────────────────────────────┼────────────────────────────────────────────────────────────────────────────────────────────────────────────┤
│ work_dir                   │ '/home/daoyuan_mm/data_juicer/HumanVBenchRecipe/dj_process_flow'                                           │
├────────────────────────────┼────────────────────────────────────────────────────────────────────────────────────────────────────────────┤
│ timestamp                  │ '20241204130155'                                                                                           │
├────────────────────────────┼────────────────────────────────────────────────────────────────────────────────────────────────────────────┤
│ dataset_dir                │ '/home/daoyuan_mm/data_juicer/HumanVBenchRecipe/dj_process_flow'                                           │
├────────────────────────────┼────────────────────────────────────────────────────────────────────────────────────────────────────────────┤
│ add_suffix                 │ False                                                                                                      │
╘════════════════════════════╧════════════════════════════════════════════════════════════════════════════════════════════════════════════╛
2024-12-04 13:01:57.990 | INFO     | data_juicer.core.executor:__init__:49 - Using cache compression method: [None]
2024-12-04 13:01:57.991 | INFO     | data_juicer.core.executor:__init__:54 - Setting up data formatter...
2024-12-04 13:01:57.991 | INFO     | data_juicer.core.executor:__init__:76 - Preparing exporter...
2024-12-04 13:01:57.991 | INFO     | data_juicer.core.executor:run:153 - Loading dataset from data formatter...
Generating jsonl split: 0 examples [00:00, ? examples/s]Generating jsonl split: 3 examples [00:00, 370.26 examples/s]
2024-12-04 13:01:58.764 | INFO     | data_juicer.format.formatter:unify_format:185 - Unifying the input dataset formats...
2024-12-04 13:01:58.765 | INFO     | data_juicer.format.formatter:unify_format:200 - There are 3 sample(s) in the original dataset.
Filter:   0%|          | 0/3 [00:00<?, ? examples/s]Filter: 100%|##########| 3/3 [00:00<00:00, 228.57 examples/s]
2024-12-04 13:01:58.784 | INFO     | data_juicer.format.formatter:unify_format:214 - 3 samples left after filtering empty text.
2024-12-04 13:01:58.785 | INFO     | data_juicer.format.formatter:unify_format:237 - Converting relative paths in the dataset to their absolute version. (Based on the directory of input dataset file)
Map:   0%|          | 0/3 [00:00<?, ? examples/s]Map: 100%|##########| 3/3 [00:00<00:00, 362.91 examples/s]
2024-12-04 13:01:58.798 | INFO     | data_juicer.format.mixture_formatter:load_dataset:137 - sampled 3 from 3
2024-12-04 13:01:58.804 | INFO     | data_juicer.format.mixture_formatter:load_dataset:143 - There are 3 in final dataset
2024-12-04 13:01:58.804 | INFO     | data_juicer.core.executor:run:159 - Preparing process operators...
2024-12-04 13:01:58.805 | ERROR    | __main__:<module>:27 - An error has been caught in function '<module>', process 'MainProcess' (3891349), thread 'MainThread' (140444972970432):
Traceback (most recent call last):

  File "/home/daoyuan_mm/miniconda3/envs/videollama/lib/python3.9/site-packages/transformers/utils/hub.py", line 403, in cached_file
    resolved_file = hf_hub_download(
                    └ <function hf_hub_download at 0x7fbbbc585c10>
  File "/home/daoyuan_mm/miniconda3/envs/videollama/lib/python3.9/site-packages/huggingface_hub/utils/_validators.py", line 106, in _inner_fn
    validate_repo_id(arg_value)
    │                └ '/mnt1/daoyuan_mm/ast-finetuned-audioset-10-10-0.4593'
    └ <function validate_repo_id at 0x7fbbbc5daa60>
  File "/home/daoyuan_mm/miniconda3/envs/videollama/lib/python3.9/site-packages/huggingface_hub/utils/_validators.py", line 154, in validate_repo_id
    raise HFValidationError(
          └ <class 'huggingface_hub.errors.HFValidationError'>

huggingface_hub.errors.HFValidationError: Repo id must be in the form 'repo_name' or 'namespace/repo_name': '/mnt1/daoyuan_mm/ast-finetuned-audioset-10-10-0.4593'. Use `repo_type` argument if needed.


The above exception was the direct cause of the following exception:


Traceback (most recent call last):

  File "/home/daoyuan_mm/miniconda3/envs/videollama/lib/python3.9/runpy.py", line 197, in _run_module_as_main
    return _run_code(code, main_globals, None,
           │         │     └ {'__name__': '__main__', '__doc__': None, '__package__': '', '__loader__': <_frozen_importlib_external.SourceFileLoader objec...
           │         └ <code object <module> at 0x7fbbd73f0450, file "/home/daoyuan_mm/.vscode-server/extensions/ms-python.debugpy-2024.0.0-linux-x6...
           └ <function _run_code at 0x7fbbd73ee9d0>
  File "/home/daoyuan_mm/miniconda3/envs/videollama/lib/python3.9/runpy.py", line 87, in _run_code
    exec(code, run_globals)
         │     └ {'__name__': '__main__', '__doc__': None, '__package__': '', '__loader__': <_frozen_importlib_external.SourceFileLoader objec...
         └ <code object <module> at 0x7fbbd73f0450, file "/home/daoyuan_mm/.vscode-server/extensions/ms-python.debugpy-2024.0.0-linux-x6...

  File "/home/daoyuan_mm/.vscode-server/extensions/ms-python.debugpy-2024.0.0-linux-x64/bundled/libs/debugpy/adapter/../../debugpy/launcher/../../debugpy/__main__.py", line 39, in <module>
    cli.main()
    │   └ <function main at 0x7fbbd5f58280>
    └ <module 'debugpy.server.cli' from '/home/daoyuan_mm/.vscode-server/extensions/ms-python.debugpy-2024.0.0-linux-x64/bundled/li...

  File "/home/daoyuan_mm/.vscode-server/extensions/ms-python.debugpy-2024.0.0-linux-x64/bundled/libs/debugpy/adapter/../../debugpy/launcher/../../debugpy/../debugpy/server/cli.py", line 430, in main
    run()
    └ <function run_file at 0x7fbbd5f58040>

  File "/home/daoyuan_mm/.vscode-server/extensions/ms-python.debugpy-2024.0.0-linux-x64/bundled/libs/debugpy/adapter/../../debugpy/launcher/../../debugpy/../debugpy/server/cli.py", line 284, in run_file
    runpy.run_path(target, run_name="__main__")
    │     │        └ '/home/daoyuan_mm/data_juicer/tools/process_data.py'
    │     └ <function run_path at 0x7fbbd6456820>
    └ <module '_pydevd_bundle.pydevd_runpy' from '/home/daoyuan_mm/.vscode-server/extensions/ms-python.debugpy-2024.0.0-linux-x64/b...

  File "/home/daoyuan_mm/.vscode-server/extensions/ms-python.debugpy-2024.0.0-linux-x64/bundled/libs/debugpy/_vendored/pydevd/_pydevd_bundle/pydevd_runpy.py", line 321, in run_path
    return _run_module_code(code, init_globals, run_name,
           │                │     │             └ '__main__'
           │                │     └ None
           │                └ <code object <module> at 0x7fbbd5dcc2f0, file "/home/daoyuan_mm/data_juicer/tools/process_data.py", line 4>
           └ <function _run_module_code at 0x7fbbd6447e50>

  File "/home/daoyuan_mm/.vscode-server/extensions/ms-python.debugpy-2024.0.0-linux-x64/bundled/libs/debugpy/_vendored/pydevd/_pydevd_bundle/pydevd_runpy.py", line 135, in _run_module_code
    _run_code(code, mod_globals, init_globals,
    │         │     │            └ None
    │         │     └ {'__name__': '__main__', '__doc__': None, '__package__': '', '__loader__': None, '__spec__': None, '__file__': '/home/daoyuan...
    │         └ <code object <module> at 0x7fbbd5dcc2f0, file "/home/daoyuan_mm/data_juicer/tools/process_data.py", line 4>
    └ <function _run_code at 0x7fbbd6447b80>

  File "/home/daoyuan_mm/.vscode-server/extensions/ms-python.debugpy-2024.0.0-linux-x64/bundled/libs/debugpy/_vendored/pydevd/_pydevd_bundle/pydevd_runpy.py", line 124, in _run_code
    exec(code, run_globals)
         │     └ {'__name__': '__main__', '__doc__': None, '__package__': '', '__loader__': None, '__spec__': None, '__file__': '/home/daoyuan...
         └ <code object <module> at 0x7fbbd5dcc2f0, file "/home/daoyuan_mm/data_juicer/tools/process_data.py", line 4>

> File "/home/daoyuan_mm/data_juicer/tools/process_data.py", line 27, in <module>
    main()
    └ <function main at 0x7fb8daf1ed30>

  File "/home/daoyuan_mm/data_juicer/tools/process_data.py", line 23, in main
    executor.run()
    │        └ <function Executor.run at 0x7fb8daf1eb80>
    └ <data_juicer.core.executor.Executor object at 0x7fb8c21cb850>

  File "/home/daoyuan_mm/data_juicer/data_juicer/core/executor.py", line 160, in run
    self.process_list, self.ops = load_ops(self.cfg.process,
    │    │             │    │     │        │    │   └ [{'video_tagging_from_audio_mapper': {'hf_ast': '/mnt1/daoyuan_mm/ast-finetuned-audioset-10-10-0.4593', 'text_key': 'text', '...
    │    │             │    │     │        │    └ Namespace(config=[Path_fr(/home/daoyuan_mm/data_juicer/HumanVBenchRecipe/HumanCentricVideoAnnotationPipeline/process.yaml)], ...
    │    │             │    │     │        └ <data_juicer.core.executor.Executor object at 0x7fb8c21cb850>
    │    │             │    │     └ <function load_ops at 0x7fb90305e160>
    │    │             │    └ None
    │    │             └ <data_juicer.core.executor.Executor object at 0x7fb8c21cb850>
    │    └ [{'video_tagging_from_audio_mapper': {'hf_ast': '/mnt1/daoyuan_mm/ast-finetuned-audioset-10-10-0.4593', 'text_key': 'text', '...
    └ <data_juicer.core.executor.Executor object at 0x7fb8c21cb850>

  File "/home/daoyuan_mm/data_juicer/data_juicer/ops/load.py", line 28, in load_ops
    ops.append(OPERATORS.modules[op_name](**args))
    │   │      │         │       │          └ {'hf_ast': '/mnt1/daoyuan_mm/ast-finetuned-audioset-10-10-0.4593', 'text_key': 'text', 'image_key': 'images', 'audio_key': 'a...
    │   │      │         │       └ 'video_tagging_from_audio_mapper'
    │   │      │         └ <property object at 0x7fbacc1f69a0>
    │   │      └ <data_juicer.utils.registry.Registry object at 0x7fbafdcac550>
    │   └ <method 'append' of 'list' objects>
    └ []

  File "/home/daoyuan_mm/data_juicer/data_juicer/ops/mapper/video_tagging_from_audio_mapper.py", line 41, in __init__
    self.model_key = prepare_model(model_type='huggingface',
    │                └ <function prepare_model at 0x7fb9675b9430>
    └ <data_juicer.ops.mapper.video_tagging_from_audio_mapper.VideoTaggingFromAudioMapper object at 0x7fb8cf3d2e80>

  File "/home/daoyuan_mm/data_juicer/data_juicer/utils/model_utils.py", line 754, in prepare_model
    model_objects = model_key()
                    └ functools.partial(<function prepare_huggingface_model at 0x7fb97ff9ba60>, pretrained_model_name_or_path='/mnt1/daoyuan_mm/ast...

  File "/home/daoyuan_mm/data_juicer/data_juicer/utils/model_utils.py", line 406, in prepare_huggingface_model
    processor = AutoProcessor.from_pretrained(
                │             └ <classmethod object at 0x7fbaa805e5e0>
                └ <class 'transformers.models.auto.processing_auto.AutoProcessor'>

  File "/home/daoyuan_mm/miniconda3/envs/videollama/lib/python3.9/site-packages/transformers/models/auto/processing_auto.py", line 254, in from_pretrained
    processor_config_file = get_file_from_repo(
                            └ <function get_file_from_repo at 0x7fbaa8399160>
  File "/home/daoyuan_mm/miniconda3/envs/videollama/lib/python3.9/site-packages/transformers/utils/hub.py", line 557, in get_file_from_repo
    return cached_file(
           └ <function cached_file at 0x7fbaa83990d0>
  File "/home/daoyuan_mm/miniconda3/envs/videollama/lib/python3.9/site-packages/transformers/utils/hub.py", line 469, in cached_file
    raise EnvironmentError(

OSError: Incorrect path_or_model_id: '/mnt1/daoyuan_mm/ast-finetuned-audioset-10-10-0.4593'. Please provide either the path to a local folder or the repo_id of a model on the Hub.
